<?xml version="1.0" encoding="UTF-8"?>
<!-- Generated by org.testng.reporters.JUnitXMLReporter -->
<testsuite ignored="0" hostname="PK_Eisa" failures="0" tests="3" name="ChromeTest" time="37.139" errors="0" timestamp="2026-01-04T15:18:34 EST">
  <testcase classname="Params.ParamTest" name="gmailLogin" time="22.245"/>
  <testcase classname="Params.ParamTest" name="gmailLogin" time="6.646"/>
  <testcase classname="Params.ParamTest" name="gmailLogin" time="5.698"/>
</testsuite> <!-- ChromeTest -->
