<?xml version="1.0" encoding="UTF-8"?>
<!-- Generated by org.testng.reporters.JUnitXMLReporter -->
<testsuite ignored="0" hostname="PK_Eisa" failures="0" tests="3" name="FirefoxTest" time="47.652" errors="0" timestamp="2026-01-04T15:18:45 EST">
  <testcase classname="Params.ParamTest" name="gmailLogin" time="23.975"/>
  <testcase classname="Params.ParamTest" name="gmailLogin" time="9.301"/>
  <testcase classname="Params.ParamTest" name="gmailLogin" time="6.252"/>
</testsuite> <!-- FirefoxTest -->
