<?xml version="1.0" encoding="UTF-8"?>
<!-- Generated by org.testng.reporters.JUnitXMLReporter -->
<testsuite ignored="0" hostname="PK_Eisa" failures="0" tests="3" name="Default test" time="27.056" errors="0" timestamp="2025-12-07T13:45:27 EST">
  <testcase classname="Params.ParamTest" name="gmailLogin" time="9.981"/>
  <testcase classname="Params.ParamTest" name="gmailLogin" time="8.618"/>
  <testcase classname="Params.ParamTest" name="gmailLogin" time="6.186"/>
</testsuite> <!-- Default test -->
