<?xml version="1.0" encoding="UTF-8"?>
<!-- Generated by org.testng.reporters.JUnitXMLReporter -->
<testsuite ignored="0" hostname="PK_Eisa" failures="0" tests="3" name="Param Tests" time="20.243" errors="0" timestamp="2026-01-04T21:29:08 EST">
  <testcase classname="Params.ParamTest" name="automationExerciseLogin" time="7.513"/>
  <testcase classname="Params.ParamTest" name="automationExerciseLogin" time="4.861"/>
  <testcase classname="Params.ParamTest" name="automationExerciseLogin" time="3.606"/>
</testsuite> <!-- Param Tests -->
