<?xml version="1.0" encoding="UTF-8"?>
<!-- Generated by org.testng.reporters.JUnitXMLReporter -->
<testsuite ignored="0" hostname="PK_Eisa" failures="0" tests="3" name="firefoxtest" time="51.857" errors="0" timestamp="2026-01-04T15:15:52 EST">
  <testcase classname="Params.ParamTest" name="gmailLogin" time="22.349"/>
  <testcase classname="Params.ParamTest" name="gmailLogin" time="11.159"/>
  <testcase classname="Params.ParamTest" name="gmailLogin" time="7.624"/>
</testsuite> <!-- firefoxtest -->
