<?xml version="1.0" encoding="UTF-8"?>
<testng-results ignored="0" total="3" passed="3" failed="0" skipped="0">
  <reporter-output>
  </reporter-output>
  <suite started-at="2026-01-04T21:28:47 EST" name="TestNG Suite" finished-at="2026-01-04T21:29:08 EST" duration-ms="20243">
    <groups>
    </groups>
    <test started-at="2026-01-04T21:28:47 EST" name="Param Tests" finished-at="2026-01-04T21:29:08 EST" duration-ms="20243">
      <class name="Params.ParamTest">
        <test-method is-config="true" signature="setup(java.lang.String)[pri:0, instance:Params.ParamTest@3fc2959f]" started-at="2026-01-04T21:28:48 EST" name="setup" finished-at="2026-01-04T21:28:49 EST" duration-ms="1668" status="PASS">
          <params>
            <param index="0">
              <value>
                <![CDATA[chrome]]>
              </value>
            </param>
          </params>
          <reporter-output>
          </reporter-output>
        </test-method> <!-- setup -->
        <test-method signature="automationExerciseLogin(java.lang.String,java.lang.String)[pri:0, instance:Params.ParamTest@3fc2959f]" started-at="2026-01-04T21:28:49 EST" name="automationExerciseLogin" data-provider="dp" finished-at="2026-01-04T21:28:57 EST" duration-ms="7513" status="PASS">
          <params>
            <param index="0">
              <value>
                <![CDATA[student1galaxytech@gmail.com]]>
              </value>
            </param>
            <param index="1">
              <value>
                <![CDATA[Admin@123]]>
              </value>
            </param>
          </params>
          <reporter-output>
          </reporter-output>
        </test-method> <!-- automationExerciseLogin -->
        <test-method is-config="true" signature="tearDown()[pri:0, instance:Params.ParamTest@3fc2959f]" started-at="2026-01-04T21:28:57 EST" name="tearDown" finished-at="2026-01-04T21:28:57 EST" duration-ms="192" status="PASS">
          <reporter-output>
          </reporter-output>
        </test-method> <!-- tearDown -->
        <test-method is-config="true" signature="setup(java.lang.String)[pri:0, instance:Params.ParamTest@3fc2959f]" started-at="2026-01-04T21:28:57 EST" name="setup" finished-at="2026-01-04T21:28:58 EST" duration-ms="1098" status="PASS">
          <params>
            <param index="0">
              <value>
                <![CDATA[chrome]]>
              </value>
            </param>
          </params>
          <reporter-output>
          </reporter-output>
        </test-method> <!-- setup -->
        <test-method signature="automationExerciseLogin(java.lang.String,java.lang.String)[pri:0, instance:Params.ParamTest@3fc2959f]" started-at="2026-01-04T21:28:58 EST" name="automationExerciseLogin" data-provider="dp" finished-at="2026-01-04T21:29:03 EST" duration-ms="4861" status="PASS">
          <params>
            <param index="0">
              <value>
                <![CDATA[galaxytechtestinghub@gmail.com]]>
              </value>
            </param>
            <param index="1">
              <value>
                <![CDATA[Admin@123]]>
              </value>
            </param>
          </params>
          <reporter-output>
          </reporter-output>
        </test-method> <!-- automationExerciseLogin -->
        <test-method is-config="true" signature="tearDown()[pri:0, instance:Params.ParamTest@3fc2959f]" started-at="2026-01-04T21:29:03 EST" name="tearDown" finished-at="2026-01-04T21:29:03 EST" duration-ms="192" status="PASS">
          <reporter-output>
          </reporter-output>
        </test-method> <!-- tearDown -->
        <test-method is-config="true" signature="setup(java.lang.String)[pri:0, instance:Params.ParamTest@3fc2959f]" started-at="2026-01-04T21:29:03 EST" name="setup" finished-at="2026-01-04T21:29:04 EST" duration-ms="918" status="PASS">
          <params>
            <param index="0">
              <value>
                <![CDATA[chrome]]>
              </value>
            </param>
          </params>
          <reporter-output>
          </reporter-output>
        </test-method> <!-- setup -->
        <test-method signature="automationExerciseLogin(java.lang.String,java.lang.String)[pri:0, instance:Params.ParamTest@3fc2959f]" started-at="2026-01-04T21:29:04 EST" name="automationExerciseLogin" data-provider="dp" finished-at="2026-01-04T21:29:08 EST" duration-ms="3606" status="PASS">
          <params>
            <param index="0">
              <value>
                <![CDATA[student3galaxytech@gmail.com]]>
              </value>
            </param>
            <param index="1">
              <value>
                <![CDATA[Admin@123]]>
              </value>
            </param>
          </params>
          <reporter-output>
          </reporter-output>
        </test-method> <!-- automationExerciseLogin -->
        <test-method is-config="true" signature="tearDown()[pri:0, instance:Params.ParamTest@3fc2959f]" started-at="2026-01-04T21:29:08 EST" name="tearDown" finished-at="2026-01-04T21:29:08 EST" duration-ms="153" status="PASS">
          <reporter-output>
          </reporter-output>
        </test-method> <!-- tearDown -->
      </class> <!-- Params.ParamTest -->
    </test> <!-- Param Tests -->
  </suite> <!-- TestNG Suite -->
</testng-results>
