<?xml version="1.0" encoding="UTF-8"?>
<!-- Generated by org.testng.reporters.JUnitReportReporter -->
<testsuite hostname="PK_Eisa" failures="1" tests="2" name="Com.trainingofweekend.softwaretestingproject.TestRunnerClass" time="48.162" errors="0" timestamp="2025-12-06T14:34:13 EST" skipped="1">
  <testcase classname="Com.trainingofweekend.softwaretestingproject.TestRunnerClass" name="search" time="48.160">
    <failure message="expected [https://www.ebay.com/itm/167877723744?_skw=Iphone+17+pro+max&amp;epid=20062769681&amp;itmmeta=01KBB2PHFXG8KPZHQRD57322Q5&amp;hash=item27164ac660:g:kRgAAeSwdexo-SBs&amp;itmprp=enc%3AAQAKAAAA0FkggFvd1GGDu0w3yXCmi1dvyxr2LIQ9iE4Q7vB5TQL4MaEIPqy5DKCtUOIxv4MzXwcANJ5Q0OStoxyG6Tst7f%2BhF172zcoe0upvM6ztWJOTFx%2BMwtQxHPWLohH%2FFN9FImaT4teXK8uDfVam2vCRaN1TY0I8EL0QZVRzSBkJGUeiyyP9LX9fgAAafjnHJmL0wtZ8bC%2BcShKFga6aJGvdEKJfhPWr0VlReDyG14HS0t%2Fpm3iMczo1CnycL15wPA%2BJSUFr5VSYleDytb6aFfURdg0%3D%7Ctkp%3ABlBMUJqY2uLaZg] but found [https://www.ebay.com/itm/167877723744?_skw=Iphone+17+pro+max&amp;epid=11062756683&amp;itmmeta=01KBTJFJZA6A9XRVGR8C0PXJ5M&amp;hash=item27164ac660:g:kRgAAeSwdexo-SBs&amp;itmprp=enc%3AAQAKAAAA8FkggFvd1GGDu0w3yXCmi1fZiuLsxsOV12rKQ7UwR8gDd%2B52f51m%2B60w8lKB1Hcs%2BR67lO0O352tIzd1j3i3Oor8YRLDY%2BLkIMhH6xaWptav53yBTZ6X6EJ4kdX2NYth%2BVTPYU2bBQukccy%2FeEEAJ6%2BegBrSV%2FC%2FQqOy9eGxKs4kKQYMXW4gnpYy%2FM1%2B3X54yRTgiT4rUG4yfVfb3wc%2BcCu1CL85ntE7sJM8JiXvu6iZVESgSzixexNfElXbhHhVRP1h0upesyGygsVILHv%2BovtVj6wHgN5%2FXHQ%2B2nG7UHJJY3IAPFWr22GA%2Biwy5uZlkA%3D%3D%7Ctkp%3ABk9SR-6vvtLeZg]" type="java.lang.AssertionError">
      <![CDATA[java.lang.AssertionError: expected [https://www.ebay.com/itm/167877723744?_skw=Iphone+17+pro+max&epid=20062769681&itmmeta=01KBB2PHFXG8KPZHQRD57322Q5&hash=item27164ac660:g:kRgAAeSwdexo-SBs&itmprp=enc%3AAQAKAAAA0FkggFvd1GGDu0w3yXCmi1dvyxr2LIQ9iE4Q7vB5TQL4MaEIPqy5DKCtUOIxv4MzXwcANJ5Q0OStoxyG6Tst7f%2BhF172zcoe0upvM6ztWJOTFx%2BMwtQxHPWLohH%2FFN9FImaT4teXK8uDfVam2vCRaN1TY0I8EL0QZVRzSBkJGUeiyyP9LX9fgAAafjnHJmL0wtZ8bC%2BcShKFga6aJGvdEKJfhPWr0VlReDyG14HS0t%2Fpm3iMczo1CnycL15wPA%2BJSUFr5VSYleDytb6aFfURdg0%3D%7Ctkp%3ABlBMUJqY2uLaZg] but found [https://www.ebay.com/itm/167877723744?_skw=Iphone+17+pro+max&epid=11062756683&itmmeta=01KBTJFJZA6A9XRVGR8C0PXJ5M&hash=item27164ac660:g:kRgAAeSwdexo-SBs&itmprp=enc%3AAQAKAAAA8FkggFvd1GGDu0w3yXCmi1fZiuLsxsOV12rKQ7UwR8gDd%2B52f51m%2B60w8lKB1Hcs%2BR67lO0O352tIzd1j3i3Oor8YRLDY%2BLkIMhH6xaWptav53yBTZ6X6EJ4kdX2NYth%2BVTPYU2bBQukccy%2FeEEAJ6%2BegBrSV%2FC%2FQqOy9eGxKs4kKQYMXW4gnpYy%2FM1%2B3X54yRTgiT4rUG4yfVfb3wc%2BcCu1CL85ntE7sJM8JiXvu6iZVESgSzixexNfElXbhHhVRP1h0upesyGygsVILHv%2BovtVj6wHgN5%2FXHQ%2B2nG7UHJJY3IAPFWr22GA%2Biwy5uZlkA%3D%3D%7Ctkp%3ABk9SR-6vvtLeZg]
at org.testng.Assert.fail(Assert.java:111)
at org.testng.Assert.failNotEquals(Assert.java:1590)
at org.testng.Assert.assertEqualsImpl(Assert.java:150)
at org.testng.Assert.assertEquals(Assert.java:132)
at org.testng.Assert.assertEquals(Assert.java:656)
at org.testng.Assert.assertEquals(Assert.java:666)
at Com.trainingofweekend.softwaretestingproject.TestRunnerClass.search(TestRunnerClass.java:52)
at java.base/jdk.internal.reflect.DirectMethodHandleAccessor.invoke(DirectMethodHandleAccessor.java:103)
at java.base/java.lang.reflect.Method.invoke(Method.java:580)
at org.testng.internal.invokers.MethodInvocationHelper.invokeMethod(MethodInvocationHelper.java:141)
at org.testng.internal.invokers.TestInvoker.invokeMethod(TestInvoker.java:687)
at org.testng.internal.invokers.TestInvoker.invokeTestMethod(TestInvoker.java:230)
at org.testng.internal.invokers.MethodRunner.runInSequence(MethodRunner.java:63)
at org.testng.internal.invokers.TestInvoker$MethodInvocationAgent.invoke(TestInvoker.java:995)
at org.testng.internal.invokers.TestInvoker.invokeTestMethods(TestInvoker.java:203)
at org.testng.internal.invokers.TestMethodWorker.invokeTestMethods(TestMethodWorker.java:154)
at org.testng.internal.invokers.TestMethodWorker.run(TestMethodWorker.java:134)
at java.base/java.util.ArrayList.forEach(ArrayList.java:1597)
at org.testng.TestRunner.privateRun(TestRunner.java:741)
at org.testng.TestRunner.run(TestRunner.java:616)
at org.testng.SuiteRunner.runTest(SuiteRunner.java:421)
at org.testng.SuiteRunner.runSequentially(SuiteRunner.java:413)
at org.testng.SuiteRunner.privateRun(SuiteRunner.java:373)
at org.testng.SuiteRunner.run(SuiteRunner.java:312)
at org.testng.SuiteRunnerWorker.runSuite(SuiteRunnerWorker.java:52)
at org.testng.SuiteRunnerWorker.run(SuiteRunnerWorker.java:95)
at org.testng.TestNG.runSuitesSequentially(TestNG.java:1274)
at org.testng.TestNG.runSuitesLocally(TestNG.java:1208)
at org.testng.TestNG.runSuites(TestNG.java:1112)
at org.testng.TestNG.run(TestNG.java:1079)
at org.testng.remote.AbstractRemoteTestNG.run(AbstractRemoteTestNG.java:115)
at org.testng.remote.RemoteTestNG.initAndRun(RemoteTestNG.java:293)
at org.testng.remote.RemoteTestNG.main(RemoteTestNG.java:91)
]]>
    </failure>
  </testcase> <!-- search -->
  <testcase classname="Com.trainingofweekend.softwaretestingproject.TestRunnerClass" name="search2" time="0.002">
    <skipped/>
  </testcase> <!-- search2 -->
</testsuite> <!-- Com.trainingofweekend.softwaretestingproject.TestRunnerClass -->
