<?xml version="1.0" encoding="UTF-8"?>
<!-- Generated by org.testng.reporters.JUnitReportReporter -->
<testsuite hostname="PK_Eisa" failures="0" tests="3" name="Params.ParamTest" time="20.201" errors="0" timestamp="2026-01-04T21:29:08 EST" skipped="0">
  <testcase classname="Params.ParamTest" name="automationExerciseLogin" time="5.971"/>
  <testcase classname="Params.ParamTest" name="automationExerciseLogin" time="4.896"/>
  <testcase classname="Params.ParamTest" name="automationExerciseLogin" time="9.334"/>
</testsuite> <!-- Params.ParamTest -->
