<?xml version="1.0" encoding="UTF-8"?>
<!-- Generated by org.testng.reporters.JUnitXMLReporter -->
<testsuite ignored="0" hostname="PK_Eisa" failures="0" tests="3" name="Chrome Test" time="35.043" errors="0" timestamp="2026-01-04T21:16:01 EST">
  <testcase classname="Params.ParamTest" name="@BeforeMethod setup" time="1.185">
    <skipped/>
  </testcase> <!-- @BeforeMethod setup -->
  <testcase classname="Params.ParamTest" name="@BeforeMethod setup" time="0.363">
    <skipped/>
  </testcase> <!-- @BeforeMethod setup -->
  <testcase classname="Params.ParamTest" name="@BeforeMethod setup" time="0.502">
    <skipped/>
  </testcase> <!-- @BeforeMethod setup -->
  <testcase classname="Params.ParamTest" name="automationExerciseLogin" time="10.602"/>
  <testcase classname="Params.ParamTest" name="automationExerciseLogin" time="12.63"/>
  <testcase classname="Params.ParamTest" name="automationExerciseLogin" time="5.571"/>
</testsuite> <!-- Chrome Test -->
