<?xml version="1.0" encoding="UTF-8"?>
<!-- Generated by org.testng.reporters.JUnitXMLReporter -->
<testsuite ignored="0" hostname="PK_Eisa" failures="0" tests="3" name="Chrome Test" time="34.945" errors="0" timestamp="2026-01-04T20:59:28 EST">
  <testcase classname="Params.ParamTest" name="@BeforeMethod setup" time="1.445">
    <skipped/>
  </testcase> <!-- @BeforeMethod setup -->
  <testcase classname="Params.ParamTest" name="@BeforeMethod setup" time="0.58">
    <skipped/>
  </testcase> <!-- @BeforeMethod setup -->
  <testcase classname="Params.ParamTest" name="@BeforeMethod setup" time="0.449">
    <skipped/>
  </testcase> <!-- @BeforeMethod setup -->
  <testcase classname="Params.ParamTest" name="automationExerciseLogin" time="5.667"/>
  <testcase classname="Params.ParamTest" name="automationExerciseLogin" time="13.66"/>
  <testcase classname="Params.ParamTest" name="automationExerciseLogin" time="9.481"/>
</testsuite> <!-- Chrome Test -->
