<?xml version="1.0" encoding="UTF-8"?>
<!-- Generated by org.testng.reporters.JUnitXMLReporter -->
<testsuite ignored="0" hostname="PK_Eisa" failures="0" tests="3" name="Edge Test" time="1.271" errors="0" timestamp="2026-01-04T15:50:10 EST">
  <testcase classname="Params.ParamTest" name="automationExerciseLogin" time="0.0">
    <skipped/>
  </testcase> <!-- automationExerciseLogin -->
  <testcase classname="Params.ParamTest" name="automationExerciseLogin" time="0.0">
    <skipped/>
  </testcase> <!-- automationExerciseLogin -->
  <testcase classname="Params.ParamTest" name="automationExerciseLogin" time="0.0">
    <skipped/>
  </testcase> <!-- automationExerciseLogin -->
</testsuite> <!-- Edge Test -->
