<?xml version="1.0" encoding="UTF-8"?>
<!-- Generated by org.testng.reporters.JUnitXMLReporter -->
<testsuite ignored="0" hostname="PK_Eisa" failures="0" tests="3" name="Firefox Test" time="39.997" errors="0" timestamp="2026-01-04T15:50:49 EST">
  <testcase classname="Params.ParamTest" name="automationExerciseLogin" time="21.307"/>
  <testcase classname="Params.ParamTest" name="automationExerciseLogin" time="6.122"/>
  <testcase classname="Params.ParamTest" name="automationExerciseLogin" time="5.323"/>
</testsuite> <!-- Firefox Test -->
