<?xml version="1.0" encoding="UTF-8"?>
<!-- Generated by org.testng.reporters.JUnitXMLReporter -->
<testsuite ignored="0" hostname="PK_Eisa" failures="0" tests="3" name="Firefox Test" time="68.14" errors="0" timestamp="2026-01-04T21:00:01 EST">
  <testcase classname="Params.ParamTest" name="automationExerciseLogin" time="24.626"/>
  <testcase classname="Params.ParamTest" name="automationExerciseLogin" time="13.002"/>
  <testcase classname="Params.ParamTest" name="automationExerciseLogin" time="9.681"/>
</testsuite> <!-- Firefox Test -->
